<?xml version="1.0" encoding="UTF-8"?>
<!-- Generated by org.testng.reporters.JUnitXMLReporter -->
<testsuite ignored="0" hostname="DESKTOP-8C0LO3K" failures="1" tests="2" name="HeaderTest" time="11.502" errors="0" timestamp="2024-06-22T12:47:15 IST">
  <testcase classname="com.demowebshop.tests.HeaderTest" name="verifyUserIsAbleToAddProductToCart" time="0.101">
    <skipped/>
  </testcase> <!-- verifyUserIsAbleToAddProductToCart -->
  <testcase classname="com.demowebshop.tests.HeaderTest" name="verifyUserIsAbleToAddProductToCart" time="0.074">
    <failure type="java.lang.AssertionError" message="null">
      <![CDATA[java.lang.AssertionError: null
at com.demowebshop.tests.HeaderTest.verifyUserIsAbleToAddProductToCart(HeaderTest.java:35)
at java.base/java.util.ArrayList.forEach(ArrayList.java:1511)
at java.base/java.util.concurrent.FutureTask.run(FutureTask.java:264)
at java.base/java.util.concurrent.ThreadPoolExecutor.runWorker(ThreadPoolExecutor.java:1136)
at java.base/java.util.concurrent.ThreadPoolExecutor$Worker.run(ThreadPoolExecutor.java:635)
at java.base/java.lang.Thread.run(Thread.java:842)
... Removed 19 stack frames]]>
    </failure>
  </testcase> <!-- verifyUserIsAbleToAddProductToCart -->
</testsuite> <!-- HeaderTest -->
