<?xml version="1.0" encoding="UTF-8"?>
<testng-results ignored="0" total="5" passed="4" failed="1" skipped="0">
  <reporter-output>
  </reporter-output>
  <suite started-at="2024-09-12T21:54:21 IST" name="CrossBrowserSuite" finished-at="2024-09-12T21:55:44 IST" duration-ms="83254">
    <groups>
    </groups>
    <test started-at="2024-09-12T21:54:21 IST" name="LoginUser" finished-at="2024-09-12T21:55:15 IST" duration-ms="53881">
      <class name="com.automationFW.tests.RegisterUser">
        <test-method is-config="true" signature="initializeDriver(java.lang.String)[pri:0, instance:com.automationFW.tests.RegisterUser@2df6226d]" started-at="2024-09-12T21:54:21 IST" name="initializeDriver" finished-at="2024-09-12T21:54:30 IST" duration-ms="8665" status="PASS">
          <params>
            <param index="0">
              <value>
                <![CDATA[chrome]]>
              </value>
            </param>
          </params>
          <reporter-output>
          </reporter-output>
        </test-method> <!-- initializeDriver -->
        <test-method signature="verifyUserIsAbletoRegisterWithValidCreds()[pri:0, instance:com.automationFW.tests.RegisterUser@2df6226d]" started-at="2024-09-12T21:54:30 IST" name="verifyUserIsAbletoRegisterWithValidCreds" finished-at="2024-09-12T21:55:14 IST" duration-ms="44188" status="FAIL">
          <exception class="org.openqa.selenium.TimeoutException">
            <message>
              <![CDATA[Expected condition failed: waiting for visibility of Proxy element for: DefaultElementLocator 'By.xpath: //b[text() = 'Account Created!']' (tried for 10 second(s) with 500 milliseconds interval)]]>
            </message>
            <full-stacktrace>
              <![CDATA[org.openqa.selenium.TimeoutException: Expected condition failed: waiting for visibility of Proxy element for: DefaultElementLocator 'By.xpath: //b[text() = 'Account Created!']' (tried for 10 second(s) with 500 milliseconds interval)
at org.openqa.selenium.support.ui.WebDriverWait.timeoutException(WebDriverWait.java:84)
at org.openqa.selenium.support.ui.FluentWait.until(FluentWait.java:228)
at com.automationFW.Utils.PageActions.waitUntilDisplayed(PageActions.java:59)
at com.automationFW.Utils.PageActions.getElementText(PageActions.java:53)
at com.automationFW.pageobjects.SignupLoginPage.validateAndCreateAccountInfo(SignupLoginPage.java:103)
at com.automationFW.tests.RegisterUser.verifyUserIsAbletoRegisterWithValidCreds(RegisterUser.java:30)
at java.base/jdk.internal.reflect.NativeMethodAccessorImpl.invoke0(Native Method)
at java.base/jdk.internal.reflect.NativeMethodAccessorImpl.invoke(NativeMethodAccessorImpl.java:77)
at java.base/jdk.internal.reflect.DelegatingMethodAccessorImpl.invoke(DelegatingMethodAccessorImpl.java:43)
at java.base/java.lang.reflect.Method.invoke(Method.java:568)
at org.testng.internal.invokers.MethodInvocationHelper.invokeMethod(MethodInvocationHelper.java:139)
at org.testng.internal.invokers.TestInvoker.invokeMethod(TestInvoker.java:664)
at org.testng.internal.invokers.TestInvoker.invokeTestMethod(TestInvoker.java:227)
at org.testng.internal.invokers.MethodRunner.runInSequence(MethodRunner.java:50)
at org.testng.internal.invokers.TestInvoker$MethodInvocationAgent.invoke(TestInvoker.java:957)
at org.testng.internal.invokers.TestInvoker.invokeTestMethods(TestInvoker.java:200)
at org.testng.internal.invokers.TestMethodWorker.invokeTestMethods(TestMethodWorker.java:148)
at org.testng.internal.invokers.TestMethodWorker.run(TestMethodWorker.java:128)
at java.base/java.util.ArrayList.forEach(ArrayList.java:1511)
at org.testng.TestRunner.privateRun(TestRunner.java:848)
at org.testng.TestRunner.run(TestRunner.java:621)
at org.testng.SuiteRunner.runTest(SuiteRunner.java:443)
at org.testng.SuiteRunner$SuiteWorker.run(SuiteRunner.java:481)
at org.testng.internal.thread.ThreadUtil.lambda$execute$0(ThreadUtil.java:58)
at java.base/java.util.concurrent.FutureTask.run(FutureTask.java:264)
at java.base/java.util.concurrent.ThreadPoolExecutor.runWorker(ThreadPoolExecutor.java:1136)
at java.base/java.util.concurrent.ThreadPoolExecutor$Worker.run(ThreadPoolExecutor.java:635)
at java.base/java.lang.Thread.run(Thread.java:840)
Caused by: org.openqa.selenium.NoSuchElementException: no such element: Unable to locate element: {"method":"xpath","selector":"//b[text() = 'Account Created!']"}
  (Session info: chrome=109.0.5414.168)
For documentation on this error, please visit: https://www.selenium.dev/documentation/webdriver/troubleshooting/errors#no-such-element-exception
Build info: version: '4.21.0', revision: '79ed462ef4'
System info: os.name: 'Windows 8.1', os.arch: 'amd64', os.version: '6.3', java.version: '17.0.11'
Driver info: org.openqa.selenium.chrome.ChromeDriver
Command: [e8312321935d1bfed375017676c80356, findElement {using=xpath, value=//b[text() = 'Account Created!']}]
Capabilities {acceptInsecureCerts: false, browserName: chrome, browserVersion: 109.0.5414.168, chrome: {chromedriverVersion: 109.0.5414.74 (e7c5703604da..., userDataDir: C:\Users\HELLO\AppData\Loca...}, goog:chromeOptions: {debuggerAddress: localhost:61418}, networkConnectionEnabled: false, pageLoadStrategy: normal, platformName: windows, proxy: Proxy(), se:cdp: ws://localhost:61418/devtoo..., se:cdpVersion: 109.0.5414.168, setWindowRect: true, strictFileInteractability: false, timeouts: {implicit: 0, pageLoad: 300000, script: 30000}, unhandledPromptBehavior: dismiss and notify, webauthn:extension:credBlob: true, webauthn:extension:largeBlob: true, webauthn:virtualAuthenticators: true}
Session ID: e8312321935d1bfed375017676c80356
at java.base/jdk.internal.reflect.NativeConstructorAccessorImpl.newInstance0(Native Method)
at java.base/jdk.internal.reflect.NativeConstructorAccessorImpl.newInstance(NativeConstructorAccessorImpl.java:77)
at java.base/jdk.internal.reflect.DelegatingConstructorAccessorImpl.newInstance(DelegatingConstructorAccessorImpl.java:45)
at java.base/java.lang.reflect.Constructor.newInstanceWithCaller(Constructor.java:499)
at java.base/java.lang.reflect.Constructor.newInstance(Constructor.java:480)
at org.openqa.selenium.remote.ErrorCodec.decode(ErrorCodec.java:167)
at org.openqa.selenium.remote.codec.w3c.W3CHttpResponseCodec.decode(W3CHttpResponseCodec.java:138)
at org.openqa.selenium.remote.codec.w3c.W3CHttpResponseCodec.decode(W3CHttpResponseCodec.java:50)
at org.openqa.selenium.remote.HttpCommandExecutor.execute(HttpCommandExecutor.java:190)
at org.openqa.selenium.remote.service.DriverCommandExecutor.invokeExecute(DriverCommandExecutor.java:216)
at org.openqa.selenium.remote.service.DriverCommandExecutor.execute(DriverCommandExecutor.java:174)
at org.openqa.selenium.remote.RemoteWebDriver.execute(RemoteWebDriver.java:518)
at org.openqa.selenium.remote.ElementLocation$ElementFinder$2.findElement(ElementLocation.java:165)
at org.openqa.selenium.remote.ElementLocation.findElement(ElementLocation.java:59)
at org.openqa.selenium.remote.RemoteWebDriver.findElement(RemoteWebDriver.java:355)
at org.openqa.selenium.remote.RemoteWebDriver.findElement(RemoteWebDriver.java:349)
at org.openqa.selenium.support.pagefactory.DefaultElementLocator.findElement(DefaultElementLocator.java:68)
at org.openqa.selenium.support.pagefactory.internal.LocatingElementHandler.invoke(LocatingElementHandler.java:38)
at jdk.proxy2/jdk.proxy2.$Proxy16.isDisplayed(Unknown Source)
at org.openqa.selenium.support.ui.ExpectedConditions.elementIfVisible(ExpectedConditions.java:304)
at org.openqa.selenium.support.ui.ExpectedConditions$10.apply(ExpectedConditions.java:290)
at org.openqa.selenium.support.ui.ExpectedConditions$10.apply(ExpectedConditions.java:287)
at org.openqa.selenium.support.ui.FluentWait.until(FluentWait.java:203)
... 26 more
]]>
            </full-stacktrace>
          </exception> <!-- org.openqa.selenium.TimeoutException -->
          <reporter-output>
          </reporter-output>
        </test-method> <!-- verifyUserIsAbletoRegisterWithValidCreds -->
        <test-method is-config="true" signature="tearDown()[pri:0, instance:com.automationFW.tests.RegisterUser@2df6226d]" started-at="2024-09-12T21:55:14 IST" name="tearDown" finished-at="2024-09-12T21:55:15 IST" duration-ms="917" status="PASS">
          <reporter-output>
          </reporter-output>
        </test-method> <!-- tearDown -->
      </class> <!-- com.automationFW.tests.RegisterUser -->
    </test> <!-- LoginUser -->
    <test started-at="2024-09-12T21:54:21 IST" name="RegisterUser" finished-at="2024-09-12T21:55:44 IST" duration-ms="83254">
      <class name="com.automationFW.tests.LoginUser">
        <test-method is-config="true" signature="initializeDriver(java.lang.String)[pri:0, instance:com.automationFW.tests.LoginUser@7b84fcf8]" started-at="2024-09-12T21:54:21 IST" name="initializeDriver" finished-at="2024-09-12T21:54:29 IST" duration-ms="7480" status="PASS">
          <params>
            <param index="0">
              <value>
                <![CDATA[chrome]]>
              </value>
            </param>
          </params>
          <reporter-output>
          </reporter-output>
        </test-method> <!-- initializeDriver -->
        <test-method signature="verifyUserIsAbletoSignupAndLoginWithValidEmailPass()[pri:0, instance:com.automationFW.tests.LoginUser@7b84fcf8]" started-at="2024-09-12T21:54:29 IST" name="verifyUserIsAbletoSignupAndLoginWithValidEmailPass" finished-at="2024-09-12T21:54:56 IST" duration-ms="27414" status="PASS">
          <reporter-output>
          </reporter-output>
        </test-method> <!-- verifyUserIsAbletoSignupAndLoginWithValidEmailPass -->
        <test-method is-config="true" signature="tearDown()[pri:0, instance:com.automationFW.tests.LoginUser@7b84fcf8]" started-at="2024-09-12T21:54:56 IST" name="tearDown" finished-at="2024-09-12T21:54:57 IST" duration-ms="676" status="PASS">
          <reporter-output>
          </reporter-output>
        </test-method> <!-- tearDown -->
        <test-method is-config="true" signature="initializeDriver(java.lang.String)[pri:0, instance:com.automationFW.tests.LoginUser@7b84fcf8]" started-at="2024-09-12T21:54:57 IST" name="initializeDriver" finished-at="2024-09-12T21:55:02 IST" duration-ms="5359" status="PASS">
          <params>
            <param index="0">
              <value>
                <![CDATA[chrome]]>
              </value>
            </param>
          </params>
          <reporter-output>
          </reporter-output>
        </test-method> <!-- initializeDriver -->
        <test-method signature="verifyUserIsNotAbletoLoginWithIncorrectEmailAndPass()[pri:0, instance:com.automationFW.tests.LoginUser@7b84fcf8]" started-at="2024-09-12T21:55:02 IST" name="verifyUserIsNotAbletoLoginWithIncorrectEmailAndPass" finished-at="2024-09-12T21:55:12 IST" duration-ms="9691" status="PASS">
          <reporter-output>
          </reporter-output>
        </test-method> <!-- verifyUserIsNotAbletoLoginWithIncorrectEmailAndPass -->
        <test-method is-config="true" signature="tearDown()[pri:0, instance:com.automationFW.tests.LoginUser@7b84fcf8]" started-at="2024-09-12T21:55:12 IST" name="tearDown" finished-at="2024-09-12T21:55:13 IST" duration-ms="676" status="PASS">
          <reporter-output>
          </reporter-output>
        </test-method> <!-- tearDown -->
        <test-method is-config="true" signature="initializeDriver(java.lang.String)[pri:0, instance:com.automationFW.tests.LoginUser@7b84fcf8]" started-at="2024-09-12T21:55:13 IST" name="initializeDriver" finished-at="2024-09-12T21:55:18 IST" duration-ms="5839" status="PASS">
          <params>
            <param index="0">
              <value>
                <![CDATA[chrome]]>
              </value>
            </param>
          </params>
          <reporter-output>
          </reporter-output>
        </test-method> <!-- initializeDriver -->
        <test-method signature="verifyUserIsNotAbletoRegisterWithExistingEMail()[pri:1, instance:com.automationFW.tests.LoginUser@7b84fcf8]" started-at="2024-09-12T21:55:18 IST" name="verifyUserIsNotAbletoRegisterWithExistingEMail" finished-at="2024-09-12T21:55:28 IST" depends-on-methods="verifyUserIsAbletoSignupAndLoginWithValidEmailPass()" duration-ms="9334" status="PASS">
          <reporter-output>
          </reporter-output>
        </test-method> <!-- verifyUserIsNotAbletoRegisterWithExistingEMail -->
        <test-method is-config="true" signature="tearDown()[pri:0, instance:com.automationFW.tests.LoginUser@7b84fcf8]" started-at="2024-09-12T21:55:28 IST" name="tearDown" finished-at="2024-09-12T21:55:28 IST" duration-ms="649" status="PASS">
          <reporter-output>
          </reporter-output>
        </test-method> <!-- tearDown -->
        <test-method is-config="true" signature="initializeDriver(java.lang.String)[pri:0, instance:com.automationFW.tests.LoginUser@7b84fcf8]" started-at="2024-09-12T21:55:28 IST" name="initializeDriver" finished-at="2024-09-12T21:55:34 IST" duration-ms="5405" status="PASS">
          <params>
            <param index="0">
              <value>
                <![CDATA[chrome]]>
              </value>
            </param>
          </params>
          <reporter-output>
          </reporter-output>
        </test-method> <!-- initializeDriver -->
        <test-method signature="verifyUserIsAbletoSignupAndLoginWithValidEmailPassAndDeleteAccount()[pri:2, instance:com.automationFW.tests.LoginUser@7b84fcf8]" started-at="2024-09-12T21:55:34 IST" name="verifyUserIsAbletoSignupAndLoginWithValidEmailPassAndDeleteAccount" finished-at="2024-09-12T21:55:44 IST" depends-on-methods="verifyUserIsAbletoSignupAndLoginWithValidEmailPass()" duration-ms="9864" status="PASS">
          <reporter-output>
          </reporter-output>
        </test-method> <!-- verifyUserIsAbletoSignupAndLoginWithValidEmailPassAndDeleteAccount -->
        <test-method is-config="true" signature="tearDown()[pri:0, instance:com.automationFW.tests.LoginUser@7b84fcf8]" started-at="2024-09-12T21:55:44 IST" name="tearDown" finished-at="2024-09-12T21:55:44 IST" duration-ms="723" status="PASS">
          <reporter-output>
          </reporter-output>
        </test-method> <!-- tearDown -->
      </class> <!-- com.automationFW.tests.LoginUser -->
    </test> <!-- RegisterUser -->
  </suite> <!-- CrossBrowserSuite -->
</testng-results>
